<?xml version="1.0" encoding="UTF-8"?>
<!-- Generated by org.testng.reporters.JUnitReportReporter -->
<testsuite hostname="Prabhus-MacBook-Pro.local" failures="0" tests="4" name="usa.airlines.path2usa.cucumber.TestNgTestRunner" time="39.402" errors="0" timestamp="2024-11-30T12:56:16 IST" skipped="0">
  <testcase classname="usa.airlines.path2usa.cucumber.TestNgTestRunner" name="runScenario" time="6.751"/>
  <testcase classname="usa.airlines.path2usa.cucumber.TestNgTestRunner" name="runScenario" time="7.479"/>
  <testcase classname="usa.airlines.path2usa.cucumber.TestNgTestRunner" name="runScenario" time="17.715"/>
  <testcase classname="usa.airlines.path2usa.cucumber.TestNgTestRunner" name="runScenario" time="7.457"/>
</testsuite> <!-- usa.airlines.path2usa.cucumber.TestNgTestRunner -->
