<?xml version="1.0" encoding="UTF-8"?>
<!-- Generated by org.testng.reporters.JUnitReportReporter -->
<testsuite hostname="Prabhus-MacBook-Pro.local" failures="0" tests="7" name="usa.airlines.path2usa.travelcalendar.CalendarTravelDatePickerTest" time="57.612" errors="0" timestamp="2024-11-30T12:56:16 IST" skipped="1">
  <testcase classname="usa.airlines.path2usa.travelcalendar.CalendarTravelDatePickerTest" name="verifyTodayDateIsHighlightedInCalendar" time="6.516"/>
  <testcase classname="usa.airlines.path2usa.travelcalendar.CalendarTravelDatePickerTest" name="selectDateOfTravel" time="8.022"/>
  <testcase classname="usa.airlines.path2usa.travelcalendar.CalendarTravelDatePickerTest" name="selectDateOfTravel" time="7.563"/>
  <testcase classname="usa.airlines.path2usa.travelcalendar.CalendarTravelDatePickerTest" name="acceptTerms" time="14.071">
    <skipped/>
  </testcase> <!-- acceptTerms -->
  <testcase classname="usa.airlines.path2usa.travelcalendar.CalendarTravelDatePickerTest" name="selectDateOfTravel" time="7.720"/>
  <testcase classname="usa.airlines.path2usa.travelcalendar.CalendarTravelDatePickerTest" name="selectDateOfTravel" time="7.092"/>
  <testcase classname="usa.airlines.path2usa.travelcalendar.CalendarTravelDatePickerTest" name="verifyDepartureDatesAreDisabledBeforeTodayDate" time="6.628"/>
</testsuite> <!-- usa.airlines.path2usa.travelcalendar.CalendarTravelDatePickerTest -->
